{"total": {"lines":{"total":62,"covered":41,"skipped":0,"pct":66.12},"statements":{"total":67,"covered":42,"skipped":0,"pct":62.68},"functions":{"total":15,"covered":11,"skipped":0,"pct":73.33},"branches":{"total":9,"covered":3,"skipped":0,"pct":33.33},"branchesTrue":{"total":0,"covered":0,"skipped":0,"pct":"Unknown"}}
,"/home/anhle2810/CS220/HW7_Group/src/fetchCurrentTemperature.ts": {"lines":{"total":9,"covered":9,"skipped":0,"pct":100},"functions":{"total":2,"covered":2,"skipped":0,"pct":100},"statements":{"total":9,"covered":9,"skipped":0,"pct":100},"branches":{"total":0,"covered":0,"skipped":0,"pct":100}}
,"/home/anhle2810/CS220/HW7_Group/src/fetchGeoCoord.ts": {"lines":{"total":11,"covered":10,"skipped":0,"pct":90.9},"functions":{"total":2,"covered":2,"skipped":0,"pct":100},"statements":{"total":11,"covered":10,"skipped":0,"pct":90.9},"branches":{"total":4,"covered":3,"skipped":0,"pct":75}}
,"/home/anhle2810/CS220/HW7_Group/src/fetchUniversities.ts": {"lines":{"total":8,"covered":8,"skipped":0,"pct":100},"functions":{"total":3,"covered":3,"skipped":0,"pct":100},"statements":{"total":9,"covered":9,"skipped":0,"pct":100},"branches":{"total":0,"covered":0,"skipped":0,"pct":100}}
,"/home/anhle2810/CS220/HW7_Group/src/universityWeather.ts": {"lines":{"total":34,"covered":14,"skipped":0,"pct":41.17},"functions":{"total":8,"covered":4,"skipped":0,"pct":50},"statements":{"total":38,"covered":14,"skipped":0,"pct":36.84},"branches":{"total":5,"covered":0,"skipped":0,"pct":0}}
}
