TN:
SF:src/fetchCurrentTemperature.ts
FN:27,fetchCurrentTemperature
FN:35,(anonymous_1)
FNF:2
FNH:2
FNDA:1,fetchCurrentTemperature
FNDA:1,(anonymous_1)
DA:1,2
DA:27,2
DA:29,1
DA:30,1
DA:31,1
DA:32,1
DA:33,1
DA:35,1
DA:36,1
LF:9
LH:9
BRF:0
BRH:0
end_of_record
TN:
SF:src/fetchGeoCoord.ts
FN:24,fetchGeoCoord
FN:28,(anonymous_1)
FNF:2
FNH:2
FNDA:1,fetchGeoCoord
FNDA:1,(anonymous_1)
DA:1,2
DA:2,2
DA:24,2
DA:26,1
DA:27,1
DA:28,1
DA:29,1
DA:30,1
DA:31,1
DA:32,1
DA:36,0
LF:11
LH:10
BRDA:29,0,0,1
BRDA:29,0,1,0
BRDA:29,1,0,1
BRDA:29,1,1,1
BRF:4
BRH:3
end_of_record
TN:
SF:src/fetchUniversities.ts
FN:12,fetchUniversities
FN:16,(anonymous_1)
FN:18,(anonymous_2)
FNF:3
FNH:3
FNDA:3,fetchUniversities
FNDA:1,(anonymous_1)
FNDA:1,(anonymous_2)
DA:1,2
DA:12,2
DA:14,3
DA:15,3
DA:16,3
DA:17,1
DA:18,1
DA:19,1
LF:8
LH:8
BRF:0
BRH:0
end_of_record
TN:
SF:src/universityWeather.ts
FN:20,makeSearchURL
FN:31,fetchUniversityWeather
FN:41,fetchUWHelper
FN:56,(anonymous_3)
FN:68,fetchUMassWeather
FN:71,(anonymous_5)
FN:78,fetchUCalWeather
FN:80,(anonymous_7)
FNF:8
FNH:4
FNDA:0,makeSearchURL
FNDA:2,fetchUniversityWeather
FNDA:2,fetchUWHelper
FNDA:0,(anonymous_3)
FNDA:1,fetchUMassWeather
FNDA:0,(anonymous_5)
FNDA:1,fetchUCalWeather
FNDA:0,(anonymous_7)
DA:1,1
DA:2,1
DA:3,1
DA:4,1
DA:20,1
DA:22,0
DA:27,0
DA:29,0
DA:31,1
DA:42,2
DA:43,0
DA:44,0
DA:46,0
DA:49,0
DA:50,0
DA:51,0
DA:52,0
DA:53,0
DA:54,0
DA:56,0
DA:57,0
DA:58,0
DA:59,0
DA:61,0
DA:62,0
DA:63,0
DA:65,2
DA:68,1
DA:70,1
DA:71,1
DA:73,0
DA:75,1
DA:78,1
DA:80,1
LF:34
LH:14
BRDA:43,0,0,0
BRDA:52,1,0,0
BRDA:52,1,1,0
BRDA:61,2,0,0
BRDA:61,2,1,0
BRF:5
BRH:0
end_of_record
